A51 MACRO ASSEMBLER  TASK5                                                                02/03/2026 15:30:32 PAGE     1


MACRO ASSEMBLER A51 V8.02b
OBJECT MODULE PLACED IN TASK5.OBJ
ASSEMBLER INVOKED BY: C:\Keil\C51\BIN\A51.EXE TASK5.A51 SET(SMALL) DEBUG EP

LOC  OBJ            LINE     SOURCE

                       1     
                       2     
                       3     
                       4     
8100                   5                     ORG 8100H
                       6                     
8100 7E00              7                     MOV R6, #00H     
                       8                     
                       9                     
8102                  10                     LOOP1:
                      11                             
8102 EE               12                             MOV A, R6
8103 F582             13                             MOV DPL, A
8105 758392           14                             MOV DPH, #92H
8108 E0               15                             MOVX A, @DPTR
8109 B40002           16                             CJNE A, #00H, CONTINUE_LOOP1
                      17                             
810C 802E             18                             SJMP QUIT
                      19                             
810E                  20                             CONTINUE_LOOP1:
810E 7F00             21                                     MOV R7, #00H     
                      22                                     
                      23                                     
8110                  24                                     LOOP2:
                      25                                             
8110 EF               26                                             MOV A, R7
8111 F582             27                                             MOV DPL, A
8113 758390           28                                             MOV DPH, #90H
8116 E0               29                                             MOVX A, @DPTR
8117 B40002           30                                             CJNE A, #00H, CONTINUE_LOOP2
                      31                                             
811A 8019             32                                             SJMP PRINT
                      33                                             
811C                  34                                             CONTINUE_LOOP2:
811C 758392           35                                                     MOV DPH, #92H
811F EE               36                                                     MOV A, R6
8120 2F               37                                                     ADD A, R7
8121 F582             38                                                     MOV DPL, A
8123 E0               39                                                     MOVX A, @DPTR
8124 F9               40                                                     MOV R1, A        
                      41                                                     
8125 758390           42                                                     MOV DPH, #90H
8128 EF               43                                                     MOV A, R7
8129 F582             44                                                     MOV DPL, A
812B E0               45                                                     MOVX A, @DPTR    
                      46                                                     
812C B50103           47                                                     CJNE A, 01H, INCREMENT   
                      48                                                     
812F 0F               49                                                     INC R7
                      50                                                     
8130 80DE             51                                                     SJMP LOOP2
                      52                                                     
8132                  53                                     INCREMENT:
8132 0E               54                                             INC R6
8133 80CD             55                                             SJMP LOOP1
                      56                             
                      57                     
                      58                     
A51 MACRO ASSEMBLER  TASK5                                                                02/03/2026 15:30:32 PAGE     2

8135                  59                     PRINT:
8135 909500           60                             MOV DPTR, #9500H
8138 EE               61                             MOV A, R6
8139 F0               62                             MOVX @DPTR, A
                      63                             
813A 8008             64                             SJMP INF_LOOP
                      65                     
                      66                     
813C                  67                     QUIT:
813C 909500           68                             MOV DPTR, #9500H
813F 74FF             69                             MOV A, #0FFH
8141 F0               70                             MOVX @DPTR, A
                      71                             
8142 8000             72                             SJMP INF_LOOP
                      73                     
8144 80FE             74                     INF_LOOP: SJMP INF_LOOP
                      75                             END
                                                                             
                                                                             
                                                     
                                                     
A51 MACRO ASSEMBLER  TASK5                                                                02/03/2026 15:30:32 PAGE     3

SYMBOL TABLE LISTING
------ ----- -------


N A M E             T Y P E  V A L U E   ATTRIBUTES

CONTINUE_LOOP1 . .  C ADDR   810EH   A   
CONTINUE_LOOP2 . .  C ADDR   811CH   A   
DPH. . . . . . . .  D ADDR   0083H   A   
DPL. . . . . . . .  D ADDR   0082H   A   
INCREMENT. . . . .  C ADDR   8132H   A   
INF_LOOP . . . . .  C ADDR   8144H   A   
LOOP1. . . . . . .  C ADDR   8102H   A   
LOOP2. . . . . . .  C ADDR   8110H   A   
PRINT. . . . . . .  C ADDR   8135H   A   
QUIT . . . . . . .  C ADDR   813CH   A   


REGISTER BANK(S) USED: 0 


ASSEMBLY COMPLETE.  0 WARNING(S), 0 ERROR(S)
